INFO:     Will watch for changes in these directories: ['/home/fabio/picking/backend']
INFO:     Uvicorn running on http://127.0.0.1:8000 (Press CTRL+C to quit)
INFO:     Started reloader process [30743] using WatchFiles
INFO:     Started server process [30753]
INFO:     Waiting for application startup.
INFO:     Application startup complete.
/home/fabio/picking/backend/venv/lib/python3.13/site-packages/fastapi/routing.py:328: FastAPIDeprecationWarning: ORJSONResponse is deprecated, FastAPI now serializes data directly to JSON bytes via Pydantic when a return type or response model is set, which is faster and doesn't need a custom response class. Read more in the FastAPI docs: https://fastapi.tiangolo.com/advanced/custom-response/#orjson-or-response-model and https://fastapi.tiangolo.com/tutorial/response-model/
  return await dependant.call(**values)
INFO:     127.0.0.1:51782 - "GET /api/config/ HTTP/1.1" 200 OK
INFO:     127.0.0.1:51796 - "GET /api/config/ HTTP/1.1" 200 OK
WARNING:  WatchFiles detected changes in 'app/routers/config.py'. Reloading...
INFO:     Shutting down
INFO:     Waiting for application shutdown.
INFO:     Application shutdown complete.
INFO:     Finished server process [30753]
INFO:     Started server process [31775]
INFO:     Waiting for application startup.
INFO:     Application startup complete.
/home/fabio/picking/backend/venv/lib/python3.13/site-packages/fastapi/routing.py:328: FastAPIDeprecationWarning: ORJSONResponse is deprecated, FastAPI now serializes data directly to JSON bytes via Pydantic when a return type or response model is set, which is faster and doesn't need a custom response class. Read more in the FastAPI docs: https://fastapi.tiangolo.com/advanced/custom-response/#orjson-or-response-model and https://fastapi.tiangolo.com/tutorial/response-model/
  return await dependant.call(**values)
INFO:     127.0.0.1:40036 - "GET /api/config/ HTTP/1.1" 200 OK
